<?xml version="1.0" encoding="UTF-8"?>
<!-- Generated by org.testng.reporters.JUnitReportReporter -->
<testsuite skipped="0" hostname="LAPTOP-L5T1DNJM" name="Test01" tests="1" failures="0" timestamp="2020-07-27T14:49:48 CDT" time="0.212" errors="0">
  <testcase name="Test1" time="0.212" classname="Test01"/>
  <system-out/>
</testsuite> <!-- Test01 -->
