<?xml version="1.0" encoding="UTF-8"?>
<!-- Generated by org.testng.reporters.JUnitReportReporter -->
<testsuite skipped="0" hostname="LAPTOP-L5T1DNJM" name="Test02" tests="1" failures="0" timestamp="2020-07-27T14:49:48 CDT" time="2.287" errors="0">
  <testcase name="test1a" time="2.287" classname="Test02"/>
  <system-out/>
</testsuite> <!-- Test02 -->
