<?xml version="1.0" encoding="UTF-8"?>
<!-- Generated by org.testng.reporters.JUnitReportReporter -->
<testsuite skipped="0" hostname="LAPTOP-L5T1DNJM" name="Test2" tests="1" failures="0" timestamp="2020-07-27T15:08:24 CDT" time="0.463" errors="0">
  <testcase name="test1a" time="0.463" classname="Test2"/>
  <system-out/>
</testsuite> <!-- Test2 -->
