<?xml version="1.0" encoding="UTF-8"?>
<!-- Generated by org.testng.reporters.JUnitReportReporter -->
<testsuite skipped="0" hostname="LAPTOP-L5T1DNJM" name="Test1" tests="1" failures="0" timestamp="2020-07-27T15:08:24 CDT" time="1.927" errors="0">
  <testcase name="Test1" time="1.927" classname="Test1"/>
  <system-out/>
</testsuite> <!-- Test1 -->
